<?xml version="1.0" encoding="UTF-8"?>
<!-- Generated by org.testng.reporters.JUnitReportReporter -->
<testsuite hostname="DESKTOP-673GFOM" failures="0" tests="5" name="cucumber.TestRunner" time="0.414" errors="0" timestamp="2024-08-08T20:31:40 IST" skipped="0">
  <testcase classname="cucumber.TestRunner" name="runScenario" time="0.063"/>
  <testcase classname="cucumber.TestRunner" name="runScenario" time="0.225"/>
  <testcase classname="cucumber.TestRunner" name="runScenario" time="0.031"/>
  <testcase classname="cucumber.TestRunner" name="runScenario" time="0.048"/>
  <testcase classname="cucumber.TestRunner" name="runScenario" time="0.047"/>
</testsuite> <!-- cucumber.TestRunner -->
